<?xml version="1.0" encoding="UTF-8"?>
<testng-results ignored="0" total="2" passed="2" failed="0" skipped="0">
  <reporter-output>
  </reporter-output>
  <suite started-at="2024-09-11T00:38:20 IST" name="Default suite" finished-at="2024-09-11T00:38:26 IST" duration-ms="5650">
    <groups>
    </groups>
    <test started-at="2024-09-11T00:38:20 IST" name="Default test" finished-at="2024-09-11T00:38:26 IST" duration-ms="5650">
      <class name="MyPack.MyClass">
        <test-method signature="MyWeather1()[pri:0, instance:MyPack.MyClass@6a78afa0]" started-at="2024-09-11T00:38:20 IST" name="MyWeather1" finished-at="2024-09-11T00:38:23 IST" duration-ms="3078" status="PASS">
          <reporter-output>
          </reporter-output>
        </test-method> <!-- MyWeather1 -->
        <test-method signature="MyWeather2()[pri:0, instance:MyPack.MyClass@6a78afa0]" started-at="2024-09-11T00:38:23 IST" name="MyWeather2" finished-at="2024-09-11T00:38:26 IST" duration-ms="2495" status="PASS">
          <reporter-output>
          </reporter-output>
        </test-method> <!-- MyWeather2 -->
      </class> <!-- MyPack.MyClass -->
    </test> <!-- Default test -->
  </suite> <!-- Default suite -->
</testng-results>
